2023-11-18 21:03:40.846590
hello_world
Аргументы, с которым вызвана функция:
позиционные: ()
именованные: {}
Возвращаемое значение: Hello World
2023-11-18 21:03:40.847590
summator
Аргументы, с которым вызвана функция:
позиционные: (2, 2)
именованные: {}
Возвращаемое значение: 4
2023-11-18 21:03:40.849591
div
Аргументы, с которым вызвана функция:
позиционные: (6, 2)
именованные: {}
Возвращаемое значение: 3.0
2023-11-18 21:03:40.851591
summator
Аргументы, с которым вызвана функция:
позиционные: (4.3,)
именованные: {'b': 2.2}
Возвращаемое значение: 6.5
2023-11-18 21:03:40.853591
summator
Аргументы, с которым вызвана функция:
позиционные: ()
именованные: {'a': 0, 'b': 0}
Возвращаемое значение: 0
